c:\users\sasha\desktop\kursach04521\kursach04521\debug\vc142.pdb
c:\users\sasha\desktop\kursach04521\kursach04521\debug\vc142.idb
c:\users\sasha\desktop\kursach04521\kursach04521\debug\wagon.obj
c:\users\sasha\desktop\kursach04521\kursach04521\debug\suv.obj
c:\users\sasha\desktop\kursach04521\kursach04521\debug\registration.obj
c:\users\sasha\desktop\kursach04521\kursach04521\debug\sedan.obj
c:\users\sasha\desktop\kursach04521\kursach04521\debug\menu.obj
c:\users\sasha\desktop\kursach04521\kursach04521\debug\customer.obj
c:\users\sasha\desktop\kursach04521\kursach04521\debug\coupe.obj
c:\users\sasha\desktop\kursach04521\kursach04521\debug\cars.obj
c:\users\sasha\desktop\kursach04521\kursach04521\debug\buy.obj
c:\users\sasha\desktop\kursach04521\kursach04521\debug\administrator.obj
c:\users\sasha\desktop\kursach04521\kursach04521\debug\kursach04521.obj
c:\users\sasha\desktop\kursach04521\kursach04521\debug\reserve.obj
c:\users\sasha\desktop\kursach04521\debug\kursach04521.exe
c:\users\sasha\desktop\kursach04521\debug\kursach04521.ilk
c:\users\sasha\desktop\kursach04521\debug\kursach04521.pdb
c:\users\sasha\desktop\kursach04521\kursach04521\debug\kursach04521.tlog\cl.command.1.tlog
c:\users\sasha\desktop\kursach04521\kursach04521\debug\kursach04521.tlog\cl.read.1.tlog
c:\users\sasha\desktop\kursach04521\kursach04521\debug\kursach04521.tlog\cl.write.1.tlog
c:\users\sasha\desktop\kursach04521\kursach04521\debug\kursach04521.tlog\link.command.1.tlog
c:\users\sasha\desktop\kursach04521\kursach04521\debug\kursach04521.tlog\link.read.1.tlog
c:\users\sasha\desktop\kursach04521\kursach04521\debug\kursach04521.tlog\link.write.1.tlog
